c:\users\gameuser\desktop\gameengineeringii - copy (2)\threadedastar\x64\debug\vc140.pdb
c:\users\gameuser\desktop\gameengineeringii - copy (2)\threadedastar\x64\debug\vc140.idb
c:\users\gameuser\desktop\gameengineeringii - copy (2)\threadedastar\x64\debug\game.obj
c:\users\gameuser\desktop\gameengineeringii - copy (2)\threadedastar\x64\debug\inputmanager.obj
c:\users\gameuser\desktop\gameengineeringii - copy (2)\threadedastar\x64\debug\ltimer.obj
c:\users\gameuser\desktop\gameengineeringii - copy (2)\threadedastar\x64\debug\main.obj
c:\users\gameuser\desktop\gameengineeringii - copy (2)\threadedastar\x64\debug\npc.obj
c:\users\gameuser\desktop\gameengineeringii - copy (2)\threadedastar\x64\debug\pathgenerator.obj
c:\users\gameuser\desktop\gameengineeringii - copy (2)\threadedastar\x64\debug\player.obj
c:\users\gameuser\desktop\gameengineeringii - copy (2)\threadedastar\x64\debug\renderer.obj
c:\users\gameuser\desktop\gameengineeringii - copy (2)\threadedastar\x64\debug\tile.obj
c:\users\gameuser\desktop\gameengineeringii - copy (2)\threadedastar\x64\debug\tilemap.obj
c:\users\gameuser\desktop\gameengineeringii - copy (2)\threadedastar\x64\debug\coordinator.obj
c:\users\gameuser\desktop\gameengineeringii - copy (2)\threadedastar\x64\debug\worker.obj
c:\users\gameuser\desktop\gameengineeringii - copy (2)\x64\debug\threadedastar.ilk
c:\users\gameuser\desktop\gameengineeringii - copy (2)\x64\debug\threadedastar.exe
c:\users\gameuser\desktop\gameengineeringii - copy (2)\x64\debug\threadedastar.pdb
c:\users\gameuser\desktop\gameengineeringii - copy (2)\threadedastar\x64\debug\tile.obj.enc
c:\users\gameuser\desktop\gameengineeringii - copy (2)\threadedastar\x64\debug\threadedastar.tlog\cl.command.1.tlog
c:\users\gameuser\desktop\gameengineeringii - copy (2)\threadedastar\x64\debug\threadedastar.tlog\cl.read.1.tlog
c:\users\gameuser\desktop\gameengineeringii - copy (2)\threadedastar\x64\debug\threadedastar.tlog\cl.write.1.tlog
c:\users\gameuser\desktop\gameengineeringii - copy (2)\threadedastar\x64\debug\threadedastar.tlog\link.command.1.tlog
c:\users\gameuser\desktop\gameengineeringii - copy (2)\threadedastar\x64\debug\threadedastar.tlog\link.read.1.tlog
c:\users\gameuser\desktop\gameengineeringii - copy (2)\threadedastar\x64\debug\threadedastar.tlog\link.write.1.tlog
