c:\users\gameuser\documents\college work\game engineering ii\project_astar\threadedastar\threadedastar\debug\vc140.pdb
c:\users\gameuser\documents\college work\game engineering ii\project_astar\threadedastar\threadedastar\debug\vc140.idb
c:\users\gameuser\documents\college work\game engineering ii\project_astar\threadedastar\threadedastar\debug\game.obj
c:\users\gameuser\documents\college work\game engineering ii\project_astar\threadedastar\threadedastar\debug\ltimer.obj
c:\users\gameuser\documents\college work\game engineering ii\project_astar\threadedastar\threadedastar\debug\main.obj
c:\users\gameuser\documents\college work\game engineering ii\project_astar\threadedastar\threadedastar\debug\npc.obj
c:\users\gameuser\documents\college work\game engineering ii\project_astar\threadedastar\threadedastar\debug\pathgenerator.obj
c:\users\gameuser\documents\college work\game engineering ii\project_astar\threadedastar\threadedastar\debug\player.obj
c:\users\gameuser\documents\college work\game engineering ii\project_astar\threadedastar\threadedastar\debug\renderer.obj
c:\users\gameuser\documents\college work\game engineering ii\project_astar\threadedastar\threadedastar\debug\tile.obj
c:\users\gameuser\documents\college work\game engineering ii\project_astar\threadedastar\threadedastar\debug\tilemap.obj
c:\users\gameuser\documents\college work\game engineering ii\project_astar\threadedastar\threadedastar\debug\inputmanager.obj
c:\users\gameuser\documents\college work\game engineering ii\project_astar\threadedastar\debug\threadedastar.ilk
c:\users\gameuser\documents\college work\game engineering ii\project_astar\threadedastar\debug\threadedastar.exe
c:\users\gameuser\documents\college work\game engineering ii\project_astar\threadedastar\debug\threadedastar.pdb
c:\users\gameuser\documents\college work\game engineering ii\project_astar\threadedastar\threadedastar\debug\threadedastar.tlog\cl.command.1.tlog
c:\users\gameuser\documents\college work\game engineering ii\project_astar\threadedastar\threadedastar\debug\threadedastar.tlog\cl.read.1.tlog
c:\users\gameuser\documents\college work\game engineering ii\project_astar\threadedastar\threadedastar\debug\threadedastar.tlog\cl.write.1.tlog
c:\users\gameuser\documents\college work\game engineering ii\project_astar\threadedastar\threadedastar\debug\threadedastar.tlog\link.command.1.tlog
c:\users\gameuser\documents\college work\game engineering ii\project_astar\threadedastar\threadedastar\debug\threadedastar.tlog\link.read.1.tlog
c:\users\gameuser\documents\college work\game engineering ii\project_astar\threadedastar\threadedastar\debug\threadedastar.tlog\link.write.1.tlog
